Determining if the pthread_create exist failed with the following output:
Change Dir: /home/nolan/Documents/catVehicle/catvehicle-1.1.0pre/build/CMakeFiles/CMakeTmp

Run Build Command:/usr/bin/make "cmTryCompileExec195624346/fast"
/usr/bin/make -f CMakeFiles/cmTryCompileExec195624346.dir/build.make CMakeFiles/cmTryCompileExec195624346.dir/build
make[1]: Entering directory `/home/nolan/Documents/catVehicle/catvehicle-1.1.0pre/build/CMakeFiles/CMakeTmp'
/usr/bin/cmake -E cmake_progress_report /home/nolan/Documents/catVehicle/catvehicle-1.1.0pre/build/CMakeFiles/CMakeTmp/CMakeFiles 1
Building C object CMakeFiles/cmTryCompileExec195624346.dir/CheckSymbolExists.c.o
/usr/bin/cc    -o CMakeFiles/cmTryCompileExec195624346.dir/CheckSymbolExists.c.o   -c /home/nolan/Documents/catVehicle/catvehicle-1.1.0pre/build/CMakeFiles/CMakeTmp/CheckSymbolExists.c
Linking C executable cmTryCompileExec195624346
/usr/bin/cmake -E cmake_link_script CMakeFiles/cmTryCompileExec195624346.dir/link.txt --verbose=1
/usr/bin/cc       CMakeFiles/cmTryCompileExec195624346.dir/CheckSymbolExists.c.o  -o cmTryCompileExec195624346 -rdynamic 
CMakeFiles/cmTryCompileExec195624346.dir/CheckSymbolExists.c.o: In function `main':
CheckSymbolExists.c:(.text+0x16): undefined reference to `pthread_create'
collect2: error: ld returned 1 exit status
make[1]: Leaving directory `/home/nolan/Documents/catVehicle/catvehicle-1.1.0pre/build/CMakeFiles/CMakeTmp'
make[1]: *** [cmTryCompileExec195624346] Error 1
make: *** [cmTryCompileExec195624346/fast] Error 2

File /home/nolan/Documents/catVehicle/catvehicle-1.1.0pre/build/CMakeFiles/CMakeTmp/CheckSymbolExists.c:
/* */
#include <pthread.h>

int main(int argc, char** argv)
{
  (void)argv;
#ifndef pthread_create
  return ((int*)(&pthread_create))[argc];
#else
  (void)argc;
  return 0;
#endif
}

Determining if the function pthread_create exists in the pthreads failed with the following output:
Change Dir: /home/nolan/Documents/catVehicle/catvehicle-1.1.0pre/build/CMakeFiles/CMakeTmp

Run Build Command:/usr/bin/make "cmTryCompileExec3395991228/fast"
/usr/bin/make -f CMakeFiles/cmTryCompileExec3395991228.dir/build.make CMakeFiles/cmTryCompileExec3395991228.dir/build
make[1]: Entering directory `/home/nolan/Documents/catVehicle/catvehicle-1.1.0pre/build/CMakeFiles/CMakeTmp'
/usr/bin/cmake -E cmake_progress_report /home/nolan/Documents/catVehicle/catvehicle-1.1.0pre/build/CMakeFiles/CMakeTmp/CMakeFiles 1
Building C object CMakeFiles/cmTryCompileExec3395991228.dir/CheckFunctionExists.c.o
/usr/bin/cc   -DCHECK_FUNCTION_EXISTS=pthread_create   -o CMakeFiles/cmTryCompileExec3395991228.dir/CheckFunctionExists.c.o   -c /usr/share/cmake-2.8/Modules/CheckFunctionExists.c
Linking C executable cmTryCompileExec3395991228
/usr/bin/cmake -E cmake_link_script CMakeFiles/cmTryCompileExec3395991228.dir/link.txt --verbose=1
/usr/bin/cc   -DCHECK_FUNCTION_EXISTS=pthread_create    CMakeFiles/cmTryCompileExec3395991228.dir/CheckFunctionExists.c.o  -o cmTryCompileExec3395991228 -rdynamic -lpthreads 
/usr/bin/ld: cannot find -lpthreads
collect2: error: ld returned 1 exit status
make[1]: Leaving directory `/home/nolan/Documents/catVehicle/catvehicle-1.1.0pre/build/CMakeFiles/CMakeTmp'
make[1]: *** [cmTryCompileExec3395991228] Error 1
make: *** [cmTryCompileExec3395991228/fast] Error 2


